<?xml version="1.0" encoding="UTF-8"?>
<!-- Generated by org.testng.reporters.JUnitReportReporter -->
<testsuite hostname="lavanya-Precision-3551" failures="0" tests="1" name="test.SignUpPageTest" time="4.895" errors="0" timestamp="2022-11-09T22:09:50 IST" skipped="0">
  <testcase classname="test.SignUpPageTest" name="testValidUrlOnAppOpening" time="4.895"/>
  <system-out/>
</testsuite> <!-- test.SignUpPageTest -->
