<?xml version="1.0" encoding="UTF-8"?>
<!-- Generated by org.testng.reporters.JUnitReportReporter -->
<testsuite hostname="lavanya-Precision-3551" failures="0" tests="3" name="test.landingPagetest" time="8.571" errors="0" timestamp="2022-11-09T21:57:16 IST" skipped="0">
  <testcase classname="test.landingPagetest" name="verifyScreenTitle" time="1.759"/>
  <system-out/>
  <testcase classname="test.landingPagetest" name="verifyLogoExist" time="1.691"/>
  <system-out/>
  <testcase classname="test.landingPagetest" name="verifyIsSignUpBtnExist" time="5.121"/>
  <system-out/>
</testsuite> <!-- test.landingPagetest -->
