<?xml version="1.0" encoding="UTF-8"?>
<!-- Generated by org.testng.reporters.JUnitReportReporter -->
<testsuite hostname="lavanya-Precision-3551" failures="0" tests="1" name="test.LoginPageTest" time="18.867" errors="0" timestamp="2022-11-06T18:32:22 IST" skipped="0">
  <testcase classname="test.LoginPageTest" name="testValidUrlOnAppOpening" time="18.867"/>
  <system-out/>
</testsuite> <!-- test.LoginPageTest -->
