<?xml version="1.0" encoding="UTF-8"?>
<!-- Generated by org.testng.reporters.JUnitReportReporter -->
<testsuite hostname="lavanya-Precision-3551" failures="0" tests="3" name="Test.landingPagetest" time="17.844" errors="0" timestamp="2022-11-10T22:06:49 IST" skipped="0">
  <testcase classname="Test.landingPagetest" name="verifyScreenTitle" time="4.197"/>
  <system-out/>
  <testcase classname="Test.landingPagetest" name="verifyLogoExist" time="5.090"/>
  <system-out/>
  <testcase classname="Test.landingPagetest" name="verifyIsSignUpBtnExist" time="8.557"/>
  <system-out/>
</testsuite> <!-- Test.landingPagetest -->
